<?xml version="1.0" encoding="UTF-8"?>
<!-- Generated by org.testng.reporters.JUnitReportReporter -->
<testsuite hostname="prabhjots-MacBook-Pro.local" name="Automation1.categorypagetest" tests="1" failures="0" timestamp="12 Dec 2022 23:40:15 GMT" time="16.804" errors="0">
  <testcase name="vertify" time="16.804" classname="Automation1.categorypagetest"/>
</testsuite> <!-- Automation1.categorypagetest -->
